[32m2023-12-18 14:26:57 +0000[0m - dagster - [34mDEBUG[0m - __ASSET_JOB - cad3a4db-df0a-49ce-8d89-c7980e65fd0f - 7787 - LOGS_CAPTURED - Started capturing logs in process (pid: 7787).
[32m2023-12-18 14:26:57 +0000[0m - dagster - [34mDEBUG[0m - __ASSET_JOB - cad3a4db-df0a-49ce-8d89-c7980e65fd0f - 7787 - PercentageFullTimeAndPartTimePerDepartment - STEP_START - Started execution of step "PercentageFullTimeAndPartTimePerDepartment".
[32m2023-12-18 14:26:57 +0000[0m - dagster - [34mDEBUG[0m - __ASSET_JOB - cad3a4db-df0a-49ce-8d89-c7980e65fd0f - PercentageFullTimeAndPartTimePerDepartment - Loading file from: /Users/nirmalgeorge/dap_dagster_project/DAP-project/govt_employee_analysis/tmpjy9nrer1/storage/LoadingCsv using PickledObjectFilesystemIOManager...
[32m2023-12-18 14:26:57 +0000[0m - dagster - [34mDEBUG[0m - __ASSET_JOB - cad3a4db-df0a-49ce-8d89-c7980e65fd0f - 7787 - PercentageFullTimeAndPartTimePerDepartment - ASSET_OBSERVATION - DagsterEventType.ASSET_OBSERVATION for step PercentageFullTimeAndPartTimePerDepartment
[32m2023-12-18 14:26:57 +0000[0m - dagster - [34mDEBUG[0m - __ASSET_JOB - cad3a4db-df0a-49ce-8d89-c7980e65fd0f - 7787 - PercentageFullTimeAndPartTimePerDepartment - LOADED_INPUT - Loaded input "LoadingCsv" using input manager "io_manager"
[32m2023-12-18 14:26:57 +0000[0m - dagster - [34mDEBUG[0m - __ASSET_JOB - cad3a4db-df0a-49ce-8d89-c7980e65fd0f - 7787 - PercentageFullTimeAndPartTimePerDepartment - STEP_INPUT - Got input "LoadingCsv" of type "Any". (Type check passed).
[32m2023-12-18 14:26:57 +0000[0m - dagster - [34mERROR[0m - [31m__ASSET_JOB - cad3a4db-df0a-49ce-8d89-c7980e65fd0f - 7787 - PercentageFullTimeAndPartTimePerDepartment - STEP_FAILURE - Execution of step "PercentageFullTimeAndPartTimePerDepartment" failed.

dagster._core.errors.DagsterExecutionStepExecutionError: Error occurred while executing op "PercentageFullTimeAndPartTimePerDepartment"::

ValueError: Could not interpret input 'Total'

Stack Trace:
  File "/Users/nirmalgeorge/anaconda3/lib/python3.11/site-packages/dagster/_core/execution/plan/utils.py", line 54, in op_execution_error_boundary
    yield
  File "/Users/nirmalgeorge/anaconda3/lib/python3.11/site-packages/dagster/_utils/__init__.py", line 465, in iterate_with_context
    next_output = next(iterator)
                  ^^^^^^^^^^^^^^
  File "/Users/nirmalgeorge/anaconda3/lib/python3.11/site-packages/dagster/_core/execution/plan/compute_generator.py", line 131, in _coerce_op_compute_fn_to_iterator
    result = invoke_compute_fn(
             ^^^^^^^^^^^^^^^^^^
  File "/Users/nirmalgeorge/anaconda3/lib/python3.11/site-packages/dagster/_core/execution/plan/compute_generator.py", line 125, in invoke_compute_fn
    return fn(context, **args_to_pass) if context_arg_provided else fn(**args_to_pass)
                                                                    ^^^^^^^^^^^^^^^^^^
  File "/Users/nirmalgeorge/dap_dagster_project/DAP-project/govt_employee_analysis/govt_employee_analysis/assets.py", line 119, in PercentageFullTimeAndPartTimePerDepartment
    sns.barplot(data = employee_df, x = 'department', y = 'Total')
  File "/Users/nirmalgeorge/anaconda3/lib/python3.11/site-packages/seaborn/categorical.py", line 2755, in barplot
    plotter = _BarPlotter(x, y, hue, data, order, hue_order,
              ^^^^^^^^^^^^^^^^^^^^^^^^^^^^^^^^^^^^^^^^^^^^^^
  File "/Users/nirmalgeorge/anaconda3/lib/python3.11/site-packages/seaborn/categorical.py", line 1530, in __init__
    self.establish_variables(x, y, hue, data, orient,
  File "/Users/nirmalgeorge/anaconda3/lib/python3.11/site-packages/seaborn/categorical.py", line 541, in establish_variables
    raise ValueError(err)
[0m
