[32m2023-12-18 18:42:44 +0000[0m - dagster - [34mDEBUG[0m - __ASSET_JOB - 1a98f056-1e70-452a-b01a-8994cf9ced80 - 16265 - LOGS_CAPTURED - Started capturing logs in process (pid: 16265).
[32m2023-12-18 18:42:44 +0000[0m - dagster - [34mDEBUG[0m - __ASSET_JOB - 1a98f056-1e70-452a-b01a-8994cf9ced80 - 16265 - Merged_data - STEP_START - Started execution of step "Merged_data".
[32m2023-12-18 18:42:44 +0000[0m - dagster - [34mDEBUG[0m - __ASSET_JOB - 1a98f056-1e70-452a-b01a-8994cf9ced80 - Merged_data - Loading file from: /Users/nirmalgeorge/dap_dagster_project/DAP-project/govt_employee_analysis/tmpjy9nrer1/storage/JsonLoading using PickledObjectFilesystemIOManager...
[32m2023-12-18 18:42:44 +0000[0m - dagster - [34mDEBUG[0m - __ASSET_JOB - 1a98f056-1e70-452a-b01a-8994cf9ced80 - 16265 - Merged_data - ASSET_OBSERVATION - DagsterEventType.ASSET_OBSERVATION for step Merged_data
[32m2023-12-18 18:42:44 +0000[0m - dagster - [34mDEBUG[0m - __ASSET_JOB - 1a98f056-1e70-452a-b01a-8994cf9ced80 - 16265 - Merged_data - LOADED_INPUT - Loaded input "JsonLoading" using input manager "io_manager"
[32m2023-12-18 18:42:44 +0000[0m - dagster - [34mDEBUG[0m - __ASSET_JOB - 1a98f056-1e70-452a-b01a-8994cf9ced80 - Merged_data - Loading file from: /Users/nirmalgeorge/dap_dagster_project/DAP-project/govt_employee_analysis/tmpjy9nrer1/storage/LoadingCsv using PickledObjectFilesystemIOManager...
[32m2023-12-18 18:42:44 +0000[0m - dagster - [34mDEBUG[0m - __ASSET_JOB - 1a98f056-1e70-452a-b01a-8994cf9ced80 - 16265 - Merged_data - ASSET_OBSERVATION - DagsterEventType.ASSET_OBSERVATION for step Merged_data
[32m2023-12-18 18:42:44 +0000[0m - dagster - [34mDEBUG[0m - __ASSET_JOB - 1a98f056-1e70-452a-b01a-8994cf9ced80 - 16265 - Merged_data - LOADED_INPUT - Loaded input "LoadingCsv" using input manager "io_manager"
[32m2023-12-18 18:42:44 +0000[0m - dagster - [34mDEBUG[0m - __ASSET_JOB - 1a98f056-1e70-452a-b01a-8994cf9ced80 - 16265 - Merged_data - STEP_INPUT - Got input "JsonLoading" of type "Any". (Type check passed).
[32m2023-12-18 18:42:44 +0000[0m - dagster - [34mDEBUG[0m - __ASSET_JOB - 1a98f056-1e70-452a-b01a-8994cf9ced80 - 16265 - Merged_data - STEP_INPUT - Got input "LoadingCsv" of type "Any". (Type check passed).
[32m2023-12-18 18:42:44 +0000[0m - dagster - [34mERROR[0m - [31m__ASSET_JOB - 1a98f056-1e70-452a-b01a-8994cf9ced80 - 16265 - Merged_data - STEP_FAILURE - Execution of step "Merged_data" failed.

dagster._core.errors.DagsterExecutionStepExecutionError: Error occurred while executing op "Merged_data"::

UnboundLocalError: cannot access local variable 'reimburesment_df' where it is not associated with a value

Stack Trace:
  File "/Users/nirmalgeorge/anaconda3/lib/python3.11/site-packages/dagster/_core/execution/plan/utils.py", line 54, in op_execution_error_boundary
    yield
  File "/Users/nirmalgeorge/anaconda3/lib/python3.11/site-packages/dagster/_utils/__init__.py", line 465, in iterate_with_context
    next_output = next(iterator)
                  ^^^^^^^^^^^^^^
  File "/Users/nirmalgeorge/anaconda3/lib/python3.11/site-packages/dagster/_core/execution/plan/compute_generator.py", line 131, in _coerce_op_compute_fn_to_iterator
    result = invoke_compute_fn(
             ^^^^^^^^^^^^^^^^^^
  File "/Users/nirmalgeorge/anaconda3/lib/python3.11/site-packages/dagster/_core/execution/plan/compute_generator.py", line 125, in invoke_compute_fn
    return fn(context, **args_to_pass) if context_arg_provided else fn(**args_to_pass)
           ^^^^^^^^^^^^^^^^^^^^^^^^^^^
  File "/Users/nirmalgeorge/dap_dagster_project/DAP-project/govt_employee_analysis/govt_employee_analysis/assets.py", line 176, in Merged_data
    reimburesment_df = reimburesment_df
                       ^^^^^^^^^^^^^^^^
[0m
