[32m2023-12-18 17:32:06 +0000[0m - dagster - [34mDEBUG[0m - __ASSET_JOB - a8ccfd26-d4c0-40d5-be33-2379d172136a - 13775 - LOGS_CAPTURED - Started capturing logs in process (pid: 13775).
[32m2023-12-18 17:32:06 +0000[0m - dagster - [34mDEBUG[0m - __ASSET_JOB - a8ccfd26-d4c0-40d5-be33-2379d172136a - 13775 - SalaryDistribPerDept - STEP_START - Started execution of step "SalaryDistribPerDept".
[32m2023-12-18 17:32:06 +0000[0m - dagster - [34mDEBUG[0m - __ASSET_JOB - a8ccfd26-d4c0-40d5-be33-2379d172136a - SalaryDistribPerDept - Loading file from: /Users/nirmalgeorge/dap_dagster_project/DAP-project/govt_employee_analysis/tmpjy9nrer1/storage/LoadingCsv using PickledObjectFilesystemIOManager...
[32m2023-12-18 17:32:06 +0000[0m - dagster - [34mDEBUG[0m - __ASSET_JOB - a8ccfd26-d4c0-40d5-be33-2379d172136a - 13775 - SalaryDistribPerDept - ASSET_OBSERVATION - DagsterEventType.ASSET_OBSERVATION for step SalaryDistribPerDept
[32m2023-12-18 17:32:06 +0000[0m - dagster - [34mDEBUG[0m - __ASSET_JOB - a8ccfd26-d4c0-40d5-be33-2379d172136a - 13775 - SalaryDistribPerDept - LOADED_INPUT - Loaded input "LoadingCsv" using input manager "io_manager"
[32m2023-12-18 17:32:06 +0000[0m - dagster - [34mDEBUG[0m - __ASSET_JOB - a8ccfd26-d4c0-40d5-be33-2379d172136a - 13775 - SalaryDistribPerDept - STEP_INPUT - Got input "LoadingCsv" of type "Any". (Type check passed).
[32m2023-12-18 17:32:06 +0000[0m - dagster - [34mERROR[0m - [31m__ASSET_JOB - a8ccfd26-d4c0-40d5-be33-2379d172136a - 13775 - SalaryDistribPerDept - STEP_FAILURE - Execution of step "SalaryDistribPerDept" failed.

dagster._core.errors.DagsterExecutionStepExecutionError: Error occurred while executing op "SalaryDistribPerDept"::

dagster._check.ParameterCheckError: Param "md_str" is not a str. Got 121251.0 which is type <class 'float'>.

Stack Trace:
  File "/Users/nirmalgeorge/anaconda3/lib/python3.11/site-packages/dagster/_core/execution/plan/utils.py", line 54, in op_execution_error_boundary
    yield
  File "/Users/nirmalgeorge/anaconda3/lib/python3.11/site-packages/dagster/_utils/__init__.py", line 465, in iterate_with_context
    next_output = next(iterator)
                  ^^^^^^^^^^^^^^
  File "/Users/nirmalgeorge/anaconda3/lib/python3.11/site-packages/dagster/_core/execution/plan/compute_generator.py", line 131, in _coerce_op_compute_fn_to_iterator
    result = invoke_compute_fn(
             ^^^^^^^^^^^^^^^^^^
  File "/Users/nirmalgeorge/anaconda3/lib/python3.11/site-packages/dagster/_core/execution/plan/compute_generator.py", line 125, in invoke_compute_fn
    return fn(context, **args_to_pass) if context_arg_provided else fn(**args_to_pass)
           ^^^^^^^^^^^^^^^^^^^^^^^^^^^
  File "/Users/nirmalgeorge/dap_dagster_project/DAP-project/govt_employee_analysis/govt_employee_analysis/assets.py", line 160, in SalaryDistribPerDept
    "Department having highest annual salary:": MetadataValue.md((average_salary_by_department).max()),
                                                ^^^^^^^^^^^^^^^^^^^^^^^^^^^^^^^^^^^^^^^^^^^^^^^^^^^^^^
  File "/Users/nirmalgeorge/anaconda3/lib/python3.11/site-packages/dagster/_core/definitions/metadata/__init__.py", line 308, in md
    return MarkdownMetadataValue(data)
           ^^^^^^^^^^^^^^^^^^^^^^^^^^^
  File "/Users/nirmalgeorge/anaconda3/lib/python3.11/site-packages/dagster/_core/definitions/metadata/__init__.py", line 718, in __new__
    cls, check.opt_str_param(md_str, "md_str", default="")
         ^^^^^^^^^^^^^^^^^^^^^^^^^^^^^^^^^^^^^^^^^^^^^^^^^
  File "/Users/nirmalgeorge/anaconda3/lib/python3.11/site-packages/dagster/_check/__init__.py", line 1333, in opt_str_param
    raise _param_type_mismatch_exception(obj, str, param_name, additional_message)
[0m
